2021-03-28 13:25:19,374| INFO Microsoft.Hosting.Lifetime 
Now listening on: http://localhost:5000
--------------------------------
2021-03-28 13:25:19,397| INFO Microsoft.Hosting.Lifetime 
Application started. Press Ctrl+C to shut down.
--------------------------------
2021-03-28 13:25:19,398| INFO Microsoft.Hosting.Lifetime 
Hosting environment: Production
--------------------------------
2021-03-28 13:25:19,399| INFO Microsoft.Hosting.Lifetime 
Content root path: D:\workspace\MyShop.Core\MyShopApi
--------------------------------
2021-03-28 13:29:43,435| INFO Microsoft.Hosting.Lifetime 
Now listening on: http://localhost:5000
--------------------------------
2021-03-28 13:29:43,543| INFO Microsoft.Hosting.Lifetime 
Application started. Press Ctrl+C to shut down.
--------------------------------
2021-03-28 13:29:43,553| INFO Microsoft.Hosting.Lifetime 
Hosting environment: Production
--------------------------------
2021-03-28 13:29:43,574| INFO Microsoft.Hosting.Lifetime 
Content root path: D:\workspace\MyShop.Core\MyShopApi
--------------------------------
2021-03-28 15:25:11,882| INFO Microsoft.Hosting.Lifetime 
Now listening on: http://localhost:5000
--------------------------------
2021-03-28 15:25:11,899| INFO Microsoft.Hosting.Lifetime 
Application started. Press Ctrl+C to shut down.
--------------------------------
2021-03-28 15:25:11,902| INFO Microsoft.Hosting.Lifetime 
Hosting environment: Production
--------------------------------
2021-03-28 15:25:11,905| INFO Microsoft.Hosting.Lifetime 
Content root path: D:\workspace\MyShop.Core\MyShopApi
--------------------------------
